Welcome to Xilinx CORE Generator.
Help system initialized.
The IP Catalog has been reloaded.
Loaded all available family support information.
Loaded all available family support information.
Loaded all available family support information.
Loaded all available family support information.
Loaded all available family support information.
Loaded all available family support information.
Loaded all available family support information.
Loaded all available family support information.
Loaded all available family support information.
Loaded all available family support information.
Loaded all available family support information.
Loaded all available family support information.
Loaded all available family support information.
Loaded all available family support information.
Loaded all available family support information.
Loaded all available family support information.
Loaded all available family support information.
Loaded all available family support information.
Loaded all available family support information.
Loaded all available family support information.
Loaded all available family support information.
Loaded all available family support information.
Loaded all available family support information.
Loaded all available family support information.
Loaded all available family support information.
Loaded all available family support information.
Loaded all available family support information.
Loaded all available family support information.
Loaded all available family support information.
Opening project file /home/justin/workspace/Mojo-Clock/ipcore_dir/coregen.cgp.
Loaded all available family support information.
Loaded all available family support information.
Loaded all available family support information.
Loaded all available family support information.
Loaded all available family support information.
Loaded all available family support information.
Loaded all available family support information.
Loaded all available family support information.
Loaded all available family support information.
Loaded all available family support information.
Loaded all available family support information.
Recustomize and Generate (Under Original Project Settings)INFO:sim:172 - Generating IP...
WARNING:sim - A core named 'fft_output_ram' already exists in the project.
   Output products for this core may be overwritten.
Resolving generics for 'fft_output_ram'...
WARNING:sim - A core named 'fft_output_ram' already exists in the project.
   Output products for this core may be overwritten.
Applying external generics to 'fft_output_ram'...
Delivering associated files for 'fft_output_ram'...
Delivering EJava files for 'fft_output_ram'...
Generating implementation netlist for 'fft_output_ram'...
INFO:sim - Pre-processing HDL files for 'fft_output_ram'...
Running synthesis for 'fft_output_ram'
Running ngcbuild...
Generation cancelled.
Recustomize and Generate (Under Original Project Settings)INFO:sim:172 - Generating IP...
WARNING:sim - A core named 'fft_output_ram' already exists in the project.
   Output products for this core may be overwritten.
Resolving generics for 'fft_output_ram'...
WARNING:sim - A core named 'fft_output_ram' already exists in the project.
   Output products for this core may be overwritten.
Applying external generics to 'fft_output_ram'...
Delivering associated files for 'fft_output_ram'...
Delivering EJava files for 'fft_output_ram'...
Generating implementation netlist for 'fft_output_ram'...
INFO:sim - Pre-processing HDL files for 'fft_output_ram'...
Running synthesis for 'fft_output_ram'
Running ngcbuild...
Writing VEO instantiation template for 'fft_output_ram'...
Writing Verilog behavioral simulation model for 'fft_output_ram'...
WARNING:sim - Overwriting existing file
   /home/justin/workspace/Mojo-Clock/ipcore_dir/tmp/_cg/fft_output_ram/doc/blk_m
   em_gen_v7_3_vinfo.html with file from view xilinx_documentation
Delivered 1 file into directory
/home/justin/workspace/Mojo-Clock/ipcore_dir/tmp/_cg/fft_output_ram
Generating ASY schematic symbol...
INFO:sim:949 - Finished generation of ASY schematic symbol.
Generating metadata file...
Regenerating ISE project file for 'fft_output_ram'...
Generating ISE project...
XCO file found: fft_output_ram.xco
XMDF file found: fft_output_ram_xmdf.tcl
Adding /home/justin/workspace/Mojo-Clock/ipcore_dir/tmp/_cg/fft_output_ram.asy
-view all -origin_type imported
Adding /home/justin/workspace/Mojo-Clock/ipcore_dir/tmp/_cg/fft_output_ram.ngc
-view all -origin_type created
Checking file
"/home/justin/workspace/Mojo-Clock/ipcore_dir/tmp/_cg/fft_output_ram.ngc" for
project device match ...
File "/home/justin/workspace/Mojo-Clock/ipcore_dir/tmp/_cg/fft_output_ram.ngc"
device information matches project device.
Adding /home/justin/workspace/Mojo-Clock/ipcore_dir/tmp/_cg/fft_output_ram.v
-view all -origin_type created
INFO:HDLCompiler:1845 - Analyzing Verilog file
   "/home/justin/workspace/Mojo-Clock/ipcore_dir/tmp/_cg/fft_output_ram.v" into
   library work
INFO:ProjectMgmt - Parsing design hierarchy completed successfully.
Adding /home/justin/workspace/Mojo-Clock/ipcore_dir/tmp/_cg/fft_output_ram.veo
-view all -origin_type imported
INFO:TclTasksC:2116 - The automatic calculation of top has been turned-off.
   Please set the new top explicitly by running the "project set top" command.
   To re-calculate the new top automatically, set the "Auto Implementation Top"
   property to true.
Top level has been set to "/fft_output_ram"
Generating README file...
Generating FLIST file...
INFO:sim:948 - Finished FLIST file generation.
Launching README viewer...
Moving files to output directory...
Finished moving files to output directory
Loaded all available family support information.
Saved CGP file for project 'coregen'.
Closed project file.
